<?xml version="1.0" encoding="UTF-8"?>
<robot generator="Robot 3.0.4 (Python 3.7.1 on win32)" generated="20181207 16:10:24.610">
<suite id="s1" name="SeleniumRobotSuite" source="D:\Projects\SeleniumRobotProject\SeleniumRobotSuite.robot">
<kw name="Log To Console" library="BuiltIn" type="setup">
<doc>Logs the given message to the console.</doc>
<arguments>
<arg>TestSuite is started</arg>
</arguments>
<status status="PASS" starttime="20181207 16:10:24.769" endtime="20181207 16:10:24.769"></status>
</kw>
<test id="s1-t1" name="TestCase5">
<kw name="Open Browser" library="SeleniumLibrary">
<doc>Opens a new browser instance to the given ``url``.</doc>
<arguments>
<arg>https://automatetheboringstuff.com/chapter2/</arg>
<arg>chrome</arg>
</arguments>
<msg timestamp="20181207 16:10:24.770" level="INFO">Opening browser 'chrome' to base url 'https://automatetheboringstuff.com/chapter2/'.</msg>
<status status="PASS" starttime="20181207 16:10:24.770" endtime="20181207 16:10:31.028"></status>
</kw>
<kw name="Maximize Browser Window" library="SeleniumLibrary">
<doc>Maximizes current browser window.</doc>
<status status="PASS" starttime="20181207 16:10:31.030" endtime="20181207 16:10:32.185"></status>
</kw>
<kw name="Close Browser" library="SeleniumLibrary">
<doc>Closes the current browser.</doc>
<status status="PASS" starttime="20181207 16:10:32.186" endtime="20181207 16:10:34.297"></status>
</kw>
<kw name="Set Tags" library="BuiltIn">
<doc>Adds given ``tags`` for the current test or all tests in a suite.</doc>
<arguments>
<arg>sanity</arg>
</arguments>
<msg timestamp="20181207 16:10:34.300" level="INFO">Set tag 'sanity'.</msg>
<status status="PASS" starttime="20181207 16:10:34.298" endtime="20181207 16:10:34.300"></status>
</kw>
<kw name="Remove Tags" library="BuiltIn">
<doc>Removes given ``tags`` from the current test or all tests in a suite.</doc>
<arguments>
<arg>sanity</arg>
</arguments>
<msg timestamp="20181207 16:10:34.304" level="INFO">Removed tag 'sanity'.</msg>
<status status="PASS" starttime="20181207 16:10:34.302" endtime="20181207 16:10:34.304"></status>
</kw>
<tags>
<tag>smoke</tag>
<tag>TestCase5</tag>
</tags>
<status status="PASS" starttime="20181207 16:10:24.769" endtime="20181207 16:10:34.305" critical="yes"></status>
</test>
<kw name="Log To Console" library="BuiltIn" type="teardown">
<doc>Logs the given message to the console.</doc>
<arguments>
<arg>Test Suite Completed</arg>
</arguments>
<status status="PASS" starttime="20181207 16:10:34.311" endtime="20181207 16:10:34.312"></status>
</kw>
<status status="PASS" starttime="20181207 16:10:24.612" endtime="20181207 16:10:34.312"></status>
</suite>
<statistics>
<total>
<stat pass="1" fail="0">Critical Tests</stat>
<stat pass="1" fail="0">All Tests</stat>
</total>
<tag>
<stat pass="1" fail="0">smoke</stat>
<stat pass="1" fail="0">TestCase5</stat>
</tag>
<suite>
<stat pass="1" fail="0" id="s1" name="SeleniumRobotSuite">SeleniumRobotSuite</stat>
</suite>
</statistics>
<errors>
</errors>
</robot>
